[2025-05-30 14:57:05] [INFO] ============================================================
[2025-05-30 14:57:05] [INFO] 🎬 pyJianYingDraft Web Service - 优化版本
[2025-05-30 14:57:05] [INFO] ============================================================
[2025-05-30 14:57:05] [INFO] 📝 项目描述: 剪映草稿生成Web服务
[2025-05-30 14:57:05] [INFO] 🔧 版本信息: v1.0.0
[2025-05-30 14:57:05] [INFO] 🌐 服务地址: http://0.0.0.0:5000
[2025-05-30 14:57:05] [INFO] 📚 API文档: http://0.0.0.0:5000
[2025-05-30 14:57:05] [INFO] ============================================================
[2025-05-30 14:57:10] [INFO] 🎊 开始创建综合项目
[2025-05-30 14:57:10] [INFO] ✅ JSON模块导入修复完成
[2025-05-30 14:57:10] [INFO] ✅ 综合项目创建成功
[2025-05-30 14:58:43] [INFO] 👋 服务已关闭
[2025-05-30 14:58:44] [INFO] ✅ 成功注册API Blueprint
[2025-05-30 14:58:44] [INFO] ============================================================
[2025-05-30 14:58:44] [INFO] 🎬 pyJianYingDraft Web Service
[2025-05-30 14:58:44] [INFO] ============================================================
[2025-05-30 14:58:44] [INFO] 📝 项目描述: 剪映草稿生成Web服务
[2025-05-30 14:58:44] [INFO] 🔧 版本信息: v1.0.0
[2025-05-30 14:58:44] [INFO] 🌐 服务地址: http://0.0.0.0:5000
[2025-05-30 14:58:44] [INFO] 📚 API文档: http://0.0.0.0:5000
[2025-05-30 14:58:44] [INFO] ============================================================
[2025-05-30 15:00:23] [INFO] 👋 服务已关闭
[2025-05-30 15:00:24] [INFO] ✅ 成功注册API Blueprint
[2025-05-30 15:00:24] [INFO] ============================================================
[2025-05-30 15:00:24] [INFO] 🎬 pyJianYingDraft Web Service
[2025-05-30 15:00:24] [INFO] ============================================================
[2025-05-30 15:00:24] [INFO] 📝 项目描述: 剪映草稿生成Web服务
[2025-05-30 15:00:24] [INFO] 🔧 版本信息: v1.0.0
[2025-05-30 15:00:24] [INFO] 🌐 服务地址: http://0.0.0.0:5000
[2025-05-30 15:00:24] [INFO] 📚 API文档: http://0.0.0.0:5000
[2025-05-30 15:00:24] [INFO] ============================================================
[2025-05-30 15:00:44] [INFO] 👋 服务已关闭
[2025-05-30 15:00:45] [INFO] ✅ 成功注册API Blueprint
[2025-05-30 15:00:45] [INFO] ============================================================
[2025-05-30 15:00:45] [INFO] 🎬 pyJianYingDraft Web Service
[2025-05-30 15:00:45] [INFO] ============================================================
[2025-05-30 15:00:45] [INFO] 📝 项目描述: 剪映草稿生成Web服务
[2025-05-30 15:00:45] [INFO] 🔧 版本信息: v1.0.0
[2025-05-30 15:00:45] [INFO] 🌐 服务地址: http://0.0.0.0:5000
[2025-05-30 15:00:45] [INFO] 📚 API文档: http://0.0.0.0:5000
[2025-05-30 15:00:45] [INFO] ============================================================
[2025-05-30 15:01:31] [INFO] 👋 服务已关闭
[2025-05-30 15:01:32] [INFO] ✅ 成功注册API Blueprint
[2025-05-30 15:01:32] [INFO] ============================================================
[2025-05-30 15:01:32] [INFO] 🎬 pyJianYingDraft Web Service
[2025-05-30 15:01:32] [INFO] ============================================================
[2025-05-30 15:01:32] [INFO] 📝 项目描述: 剪映草稿生成Web服务
[2025-05-30 15:01:32] [INFO] 🔧 版本信息: v1.0.0
[2025-05-30 15:01:32] [INFO] 🌐 服务地址: http://0.0.0.0:5000
[2025-05-30 15:01:32] [INFO] 📚 API文档: http://0.0.0.0:5000
[2025-05-30 15:01:32] [INFO] ============================================================
[2025-05-30 15:01:35] [INFO] 🎊 开始创建综合项目
[2025-05-30 15:01:35] [ERROR] ❌ 处理文本组件失败: 'Font_type' object has no attribute 'resource_id'
[2025-05-30 15:01:35] [INFO] 🔄 开始路径占位符替换，共有 0 个素材文件
[2025-05-30 15:01:35] [INFO] ✅ 路径占位符替换完成
[2025-05-30 15:01:35] [INFO] ✅ 综合项目创建成功，包含 0 个组件
[2025-05-30 15:01:39] [INFO] 🔄 设置绝对路径: C:/Users/Default/Desktop/剪映项目
[2025-05-30 15:01:39] [INFO] ✅ 绝对路径设置完成
[2025-05-30 15:03:17] [INFO] 👋 服务已关闭
[2025-05-30 15:03:18] [INFO] ✅ 成功注册API Blueprint
[2025-05-30 15:03:18] [INFO] ============================================================
[2025-05-30 15:03:18] [INFO] 🎬 pyJianYingDraft Web Service
[2025-05-30 15:03:18] [INFO] ============================================================
[2025-05-30 15:03:18] [INFO] 📝 项目描述: 剪映草稿生成Web服务
[2025-05-30 15:03:18] [INFO] 🔧 版本信息: v1.0.0
[2025-05-30 15:03:18] [INFO] 🌐 服务地址: http://0.0.0.0:5000
[2025-05-30 15:03:18] [INFO] 📚 API文档: http://0.0.0.0:5000
[2025-05-30 15:03:18] [INFO] ============================================================
[2025-05-30 15:03:21] [INFO] 👋 服务已关闭
[2025-05-30 15:03:22] [INFO] ✅ 成功注册API Blueprint
[2025-05-30 15:03:22] [INFO] ============================================================
[2025-05-30 15:03:22] [INFO] 🎬 pyJianYingDraft Web Service
[2025-05-30 15:03:22] [INFO] ============================================================
[2025-05-30 15:03:22] [INFO] 📝 项目描述: 剪映草稿生成Web服务
[2025-05-30 15:03:22] [INFO] 🔧 版本信息: v1.0.0
[2025-05-30 15:03:22] [INFO] 🌐 服务地址: http://0.0.0.0:5000
[2025-05-30 15:03:22] [INFO] 📚 API文档: http://0.0.0.0:5000
[2025-05-30 15:03:22] [INFO] ============================================================
[2025-05-30 15:03:41] [INFO] 👋 服务已关闭
[2025-05-30 15:03:42] [INFO] ✅ 成功注册API Blueprint
[2025-05-30 15:03:42] [INFO] ============================================================
[2025-05-30 15:03:42] [INFO] 🎬 pyJianYingDraft Web Service - 精简版本
[2025-05-30 15:03:42] [INFO] ============================================================
[2025-05-30 15:03:42] [INFO] 📝 项目描述: 剪映草稿生成Web服务
[2025-05-30 15:03:42] [INFO] 🔧 版本信息: v1.0.0
[2025-05-30 15:03:42] [INFO] 🌐 服务地址: http://0.0.0.0:5000
[2025-05-30 15:03:42] [INFO] ============================================================
[2025-05-30 15:03:42] [INFO] ============================================================
[2025-05-30 15:03:42] [INFO] 🎬 pyJianYingDraft Web Service
[2025-05-30 15:03:42] [INFO] ============================================================
[2025-05-30 15:03:42] [INFO] 📝 项目描述: 剪映草稿生成Web服务
[2025-05-30 15:03:42] [INFO] 🔧 版本信息: v1.0.0
[2025-05-30 15:03:42] [INFO] 🌐 服务地址: http://0.0.0.0:5000
[2025-05-30 15:03:42] [INFO] 📚 API文档: http://0.0.0.0:5000
[2025-05-30 15:03:42] [INFO] ============================================================
[2025-05-30 15:03:48] [INFO] 👋 服务已关闭
[2025-05-30 15:03:49] [INFO] ✅ 成功注册API Blueprint
[2025-05-30 15:03:49] [INFO] ============================================================
[2025-05-30 15:03:49] [INFO] 🎬 pyJianYingDraft Web Service - 精简版本
[2025-05-30 15:03:49] [INFO] ============================================================
[2025-05-30 15:03:49] [INFO] 📝 项目描述: 剪映草稿生成Web服务
[2025-05-30 15:03:49] [INFO] 🔧 版本信息: v1.0.0
[2025-05-30 15:03:49] [INFO] 🌐 服务地址: http://0.0.0.0:5000
[2025-05-30 15:03:49] [INFO] ============================================================
[2025-05-30 15:03:49] [INFO] ============================================================
[2025-05-30 15:03:49] [INFO] 🎬 pyJianYingDraft Web Service
[2025-05-30 15:03:49] [INFO] ============================================================
[2025-05-30 15:03:49] [INFO] 📝 项目描述: 剪映草稿生成Web服务
[2025-05-30 15:03:49] [INFO] 🔧 版本信息: v1.0.0
[2025-05-30 15:03:49] [INFO] 🌐 服务地址: http://0.0.0.0:5000
[2025-05-30 15:03:49] [INFO] 📚 API文档: http://0.0.0.0:5000
[2025-05-30 15:03:49] [INFO] ============================================================
[2025-05-30 15:03:50] [INFO] 👋 服务已关闭
[2025-05-30 15:03:51] [INFO] ✅ 成功注册API Blueprint
[2025-05-30 15:03:51] [INFO] ============================================================
[2025-05-30 15:03:51] [INFO] 🎬 pyJianYingDraft Web Service - 精简版本
[2025-05-30 15:03:51] [INFO] ============================================================
[2025-05-30 15:03:51] [INFO] 📝 项目描述: 剪映草稿生成Web服务
[2025-05-30 15:03:51] [INFO] 🔧 版本信息: v1.0.0
[2025-05-30 15:03:51] [INFO] 🌐 服务地址: http://0.0.0.0:5000
[2025-05-30 15:03:51] [INFO] ============================================================
[2025-05-30 15:03:51] [INFO] ============================================================
[2025-05-30 15:03:51] [INFO] 🎬 pyJianYingDraft Web Service
[2025-05-30 15:03:51] [INFO] ============================================================
[2025-05-30 15:03:51] [INFO] 📝 项目描述: 剪映草稿生成Web服务
[2025-05-30 15:03:51] [INFO] 🔧 版本信息: v1.0.0
[2025-05-30 15:03:51] [INFO] 🌐 服务地址: http://0.0.0.0:5000
[2025-05-30 15:03:51] [INFO] 📚 API文档: http://0.0.0.0:5000
[2025-05-30 15:03:51] [INFO] ============================================================
[2025-05-30 15:07:46] [INFO] 👋 服务已关闭
[2025-05-30 15:07:47] [INFO] ✅ 成功注册API Blueprint
[2025-05-30 15:07:47] [INFO] ============================================================
[2025-05-30 15:07:47] [INFO] 🎬 pyJianYingDraft Web Service - 精简版本
[2025-05-30 15:07:47] [INFO] ============================================================
[2025-05-30 15:07:47] [INFO] 📝 项目描述: 剪映草稿生成Web服务
[2025-05-30 15:07:47] [INFO] 🔧 版本信息: v1.0.0
[2025-05-30 15:07:47] [INFO] 🌐 服务地址: http://0.0.0.0:5000
[2025-05-30 15:07:47] [INFO] ============================================================
[2025-05-30 15:07:47] [INFO] ============================================================
[2025-05-30 15:07:47] [INFO] 🎬 pyJianYingDraft Web Service
[2025-05-30 15:07:47] [INFO] ============================================================
[2025-05-30 15:07:47] [INFO] 📝 项目描述: 剪映草稿生成Web服务
[2025-05-30 15:07:47] [INFO] 🔧 版本信息: v1.0.0
[2025-05-30 15:07:47] [INFO] 🌐 服务地址: http://0.0.0.0:5000
[2025-05-30 15:07:47] [INFO] 📚 API文档: http://0.0.0.0:5000
[2025-05-30 15:07:47] [INFO] ============================================================
[2025-05-30 15:09:13] [INFO] 👋 服务已关闭
[2025-05-30 15:09:14] [INFO] ✅ 成功注册API Blueprint
[2025-05-30 15:09:14] [INFO] ============================================================
[2025-05-30 15:09:14] [INFO] 🎬 pyJianYingDraft Web Service - 精简版本
[2025-05-30 15:09:14] [INFO] ============================================================
[2025-05-30 15:09:14] [INFO] 📝 项目描述: 剪映草稿生成Web服务
[2025-05-30 15:09:14] [INFO] 🔧 版本信息: v1.0.0
[2025-05-30 15:09:14] [INFO] 🌐 服务地址: http://0.0.0.0:5000
[2025-05-30 15:09:14] [INFO] ============================================================
[2025-05-30 15:09:14] [INFO] ============================================================
[2025-05-30 15:09:14] [INFO] 🎬 pyJianYingDraft Web Service
[2025-05-30 15:09:14] [INFO] ============================================================
[2025-05-30 15:09:14] [INFO] 📝 项目描述: 剪映草稿生成Web服务
[2025-05-30 15:09:14] [INFO] 🔧 版本信息: v1.0.0
[2025-05-30 15:09:14] [INFO] 🌐 服务地址: http://0.0.0.0:5000
[2025-05-30 15:09:14] [INFO] 📚 API文档: http://0.0.0.0:5000
[2025-05-30 15:09:14] [INFO] ============================================================
[2025-05-30 15:11:16] [INFO] 👋 服务已关闭
[2025-05-30 15:11:17] [INFO] ✅ 成功注册API Blueprint
[2025-05-30 15:11:17] [INFO] ============================================================
[2025-05-30 15:11:17] [INFO] 🎬 pyJianYingDraft Web Service - 精简版本
[2025-05-30 15:11:17] [INFO] ============================================================
[2025-05-30 15:11:17] [INFO] 📝 项目描述: 剪映草稿生成Web服务
[2025-05-30 15:11:17] [INFO] 🔧 版本信息: v1.0.0
[2025-05-30 15:11:17] [INFO] 🌐 服务地址: http://0.0.0.0:5000
[2025-05-30 15:11:17] [INFO] ============================================================
[2025-05-30 15:11:17] [INFO] ============================================================
[2025-05-30 15:11:17] [INFO] 🎬 pyJianYingDraft Web Service
[2025-05-30 15:11:17] [INFO] ============================================================
[2025-05-30 15:11:17] [INFO] 📝 项目描述: 剪映草稿生成Web服务
[2025-05-30 15:11:17] [INFO] 🔧 版本信息: v1.0.0
[2025-05-30 15:11:17] [INFO] 🌐 服务地址: http://0.0.0.0:5000
[2025-05-30 15:11:17] [INFO] 📚 API文档: http://0.0.0.0:5000
[2025-05-30 15:11:17] [INFO] ============================================================
[2025-05-30 15:11:50] [INFO] 👋 服务已关闭
[2025-05-30 15:11:51] [INFO] ✅ 成功注册API Blueprint
[2025-05-30 15:11:51] [INFO] ============================================================
[2025-05-30 15:11:51] [INFO] 🎬 pyJianYingDraft Web Service - 精简版本
[2025-05-30 15:11:51] [INFO] ============================================================
[2025-05-30 15:11:51] [INFO] 📝 项目描述: 剪映草稿生成Web服务
[2025-05-30 15:11:51] [INFO] 🔧 版本信息: v1.0.0
[2025-05-30 15:11:51] [INFO] 🌐 服务地址: http://0.0.0.0:5000
[2025-05-30 15:11:51] [INFO] ============================================================
[2025-05-30 15:11:51] [INFO] ============================================================
[2025-05-30 15:11:51] [INFO] 🎬 pyJianYingDraft Web Service
[2025-05-30 15:11:51] [INFO] ============================================================
[2025-05-30 15:11:51] [INFO] 📝 项目描述: 剪映草稿生成Web服务
[2025-05-30 15:11:51] [INFO] 🔧 版本信息: v1.0.0
[2025-05-30 15:11:51] [INFO] 🌐 服务地址: http://0.0.0.0:5000
[2025-05-30 15:11:51] [INFO] 📚 API文档: http://0.0.0.0:5000
[2025-05-30 15:11:51] [INFO] ============================================================
[2025-05-30 15:11:57] [INFO] 🎬 开始创建基础项目
[2025-05-30 15:11:57] [INFO] ✅ 基础项目创建成功: C:\\Users\\zxsm\Desktop\\工作记录及模板\\剪影自动化脚本\\pyJianYingDraft\web_outputs\basic_project_1748589117_draft_content.json
[2025-05-30 15:11:59] [INFO] 📝 开始创建文本片段 - 文本:仪表盘测试文本, 时长:2s, 颜色:[1.0, 1.0, 1.0]
[2025-05-30 15:11:59] [INFO] ✅ 文本片段创建成功: C:\\Users\\zxsm\Desktop\\工作记录及模板\\剪影自动化脚本\\pyJianYingDraft\web_outputs\text_segment_1748589119_draft_content.json
[2025-05-30 15:23:11] [INFO] 👋 服务已关闭
[2025-05-30 15:23:12] [INFO] ✅ 成功注册API Blueprint
[2025-05-30 15:23:12] [INFO] ============================================================
[2025-05-30 15:23:12] [INFO] 🎬 pyJianYingDraft Web Service - 精简版本
[2025-05-30 15:23:12] [INFO] ============================================================
[2025-05-30 15:23:12] [INFO] 📝 项目描述: 剪映草稿生成Web服务
[2025-05-30 15:23:12] [INFO] 🔧 版本信息: v1.0.0
[2025-05-30 15:23:12] [INFO] 🌐 服务地址: http://0.0.0.0:5000
[2025-05-30 15:23:12] [INFO] ============================================================
[2025-05-30 15:23:12] [INFO] ============================================================
[2025-05-30 15:23:12] [INFO] 🎬 pyJianYingDraft Web Service
[2025-05-30 15:23:12] [INFO] ============================================================
[2025-05-30 15:23:12] [INFO] 📝 项目描述: 剪映草稿生成Web服务
[2025-05-30 15:23:12] [INFO] 🔧 版本信息: v1.0.0
[2025-05-30 15:23:12] [INFO] 🌐 服务地址: http://0.0.0.0:5000
[2025-05-30 15:23:12] [INFO] 📚 API文档: http://0.0.0.0:5000
[2025-05-30 15:23:12] [INFO] ============================================================
[2025-05-30 15:27:02] [INFO] 👋 服务已关闭
[2025-05-30 15:27:04] [INFO] ✅ 成功注册API Blueprint
[2025-05-30 15:27:04] [INFO] ============================================================
[2025-05-30 15:27:04] [INFO] 🎬 pyJianYingDraft Web Service - 精简版本
[2025-05-30 15:27:04] [INFO] ============================================================
[2025-05-30 15:27:04] [INFO] 📝 项目描述: 剪映草稿生成Web服务
[2025-05-30 15:27:04] [INFO] 🔧 版本信息: v1.0.0
[2025-05-30 15:27:04] [INFO] 🌐 服务地址: http://0.0.0.0:5000
[2025-05-30 15:27:04] [INFO] ============================================================
[2025-05-30 15:27:04] [INFO] ============================================================
[2025-05-30 15:27:04] [INFO] 🎬 pyJianYingDraft Web Service
[2025-05-30 15:27:04] [INFO] ============================================================
[2025-05-30 15:27:04] [INFO] 📝 项目描述: 剪映草稿生成Web服务
[2025-05-30 15:27:04] [INFO] 🔧 版本信息: v1.0.0
[2025-05-30 15:27:04] [INFO] 🌐 服务地址: http://0.0.0.0:5000
[2025-05-30 15:27:04] [INFO] 📚 API文档: http://0.0.0.0:5000
[2025-05-30 15:27:04] [INFO] ============================================================
[2025-05-30 15:27:18] [INFO] 👋 服务已关闭
[2025-05-30 15:27:20] [INFO] ✅ 成功注册API Blueprint
[2025-05-30 15:27:20] [INFO] ============================================================
[2025-05-30 15:27:20] [INFO] 🎬 pyJianYingDraft Web Service - 精简版本
[2025-05-30 15:27:20] [INFO] ============================================================
[2025-05-30 15:27:20] [INFO] 📝 项目描述: 剪映草稿生成Web服务
[2025-05-30 15:27:20] [INFO] 🔧 版本信息: v1.0.0
[2025-05-30 15:27:20] [INFO] 🌐 服务地址: http://0.0.0.0:5000
[2025-05-30 15:27:20] [INFO] ============================================================
[2025-05-30 15:27:20] [INFO] ============================================================
[2025-05-30 15:27:20] [INFO] 🎬 pyJianYingDraft Web Service
[2025-05-30 15:27:20] [INFO] ============================================================
[2025-05-30 15:27:20] [INFO] 📝 项目描述: 剪映草稿生成Web服务
[2025-05-30 15:27:20] [INFO] 🔧 版本信息: v1.0.0
[2025-05-30 15:27:20] [INFO] 🌐 服务地址: http://0.0.0.0:5000
[2025-05-30 15:27:20] [INFO] 📚 API文档: http://0.0.0.0:5000
[2025-05-30 15:27:20] [INFO] ============================================================
[2025-05-30 15:27:26] [INFO] 👋 服务已关闭
[2025-05-30 15:27:28] [INFO] ✅ 成功注册API Blueprint
[2025-05-30 15:27:28] [INFO] ============================================================
[2025-05-30 15:27:28] [INFO] 🎬 pyJianYingDraft Web Service - 精简版本
[2025-05-30 15:27:28] [INFO] ============================================================
[2025-05-30 15:27:28] [INFO] 📝 项目描述: 剪映草稿生成Web服务
[2025-05-30 15:27:28] [INFO] 🔧 版本信息: v1.0.0
[2025-05-30 15:27:28] [INFO] 🌐 服务地址: http://0.0.0.0:5000
[2025-05-30 15:27:28] [INFO] ============================================================
[2025-05-30 15:27:28] [INFO] ============================================================
[2025-05-30 15:27:28] [INFO] 🎬 pyJianYingDraft Web Service
[2025-05-30 15:27:28] [INFO] ============================================================
[2025-05-30 15:27:28] [INFO] 📝 项目描述: 剪映草稿生成Web服务
[2025-05-30 15:27:28] [INFO] 🔧 版本信息: v1.0.0
[2025-05-30 15:27:28] [INFO] 🌐 服务地址: http://0.0.0.0:5000
[2025-05-30 15:27:28] [INFO] 📚 API文档: http://0.0.0.0:5000
[2025-05-30 15:27:28] [INFO] ============================================================
[2025-05-30 15:27:29] [INFO] 👋 服务已关闭
[2025-05-30 15:27:30] [INFO] ✅ 成功注册API Blueprint
[2025-05-30 15:27:30] [INFO] ============================================================
[2025-05-30 15:27:30] [INFO] 🎬 pyJianYingDraft Web Service - 精简版本
[2025-05-30 15:27:30] [INFO] ============================================================
[2025-05-30 15:27:30] [INFO] 📝 项目描述: 剪映草稿生成Web服务
[2025-05-30 15:27:30] [INFO] 🔧 版本信息: v1.0.0
[2025-05-30 15:27:30] [INFO] 🌐 服务地址: http://0.0.0.0:5000
[2025-05-30 15:27:30] [INFO] ============================================================
[2025-05-30 15:27:30] [INFO] ============================================================
[2025-05-30 15:27:30] [INFO] 🎬 pyJianYingDraft Web Service
[2025-05-30 15:27:30] [INFO] ============================================================
[2025-05-30 15:27:30] [INFO] 📝 项目描述: 剪映草稿生成Web服务
[2025-05-30 15:27:30] [INFO] 🔧 版本信息: v1.0.0
[2025-05-30 15:27:30] [INFO] 🌐 服务地址: http://0.0.0.0:5000
[2025-05-30 15:27:30] [INFO] 📚 API文档: http://0.0.0.0:5000
[2025-05-30 15:27:30] [INFO] ============================================================
[2025-05-30 15:27:33] [INFO] 👋 服务已关闭
[2025-05-30 15:27:34] [INFO] ✅ 成功注册API Blueprint
[2025-05-30 15:27:34] [INFO] ============================================================
[2025-05-30 15:27:34] [INFO] 🎬 pyJianYingDraft Web Service - 精简版本
[2025-05-30 15:27:34] [INFO] ============================================================
[2025-05-30 15:27:34] [INFO] 📝 项目描述: 剪映草稿生成Web服务
[2025-05-30 15:27:34] [INFO] 🔧 版本信息: v1.0.0
[2025-05-30 15:27:34] [INFO] 🌐 服务地址: http://0.0.0.0:5000
[2025-05-30 15:27:34] [INFO] ============================================================
[2025-05-30 15:27:34] [INFO] ============================================================
[2025-05-30 15:27:34] [INFO] 🎬 pyJianYingDraft Web Service
[2025-05-30 15:27:34] [INFO] ============================================================
[2025-05-30 15:27:34] [INFO] 📝 项目描述: 剪映草稿生成Web服务
[2025-05-30 15:27:34] [INFO] 🔧 版本信息: v1.0.0
[2025-05-30 15:27:34] [INFO] 🌐 服务地址: http://0.0.0.0:5000
[2025-05-30 15:27:34] [INFO] 📚 API文档: http://0.0.0.0:5000
[2025-05-30 15:27:34] [INFO] ============================================================
[2025-05-30 15:27:36] [INFO] 👋 服务已关闭
[2025-05-30 15:27:37] [INFO] ✅ 成功注册API Blueprint
[2025-05-30 15:27:37] [INFO] ============================================================
[2025-05-30 15:27:37] [INFO] 🎬 pyJianYingDraft Web Service - 精简版本
[2025-05-30 15:27:37] [INFO] ============================================================
[2025-05-30 15:27:37] [INFO] 📝 项目描述: 剪映草稿生成Web服务
[2025-05-30 15:27:37] [INFO] 🔧 版本信息: v1.0.0
[2025-05-30 15:27:37] [INFO] 🌐 服务地址: http://0.0.0.0:5000
[2025-05-30 15:27:37] [INFO] ============================================================
[2025-05-30 15:27:37] [INFO] ============================================================
[2025-05-30 15:27:37] [INFO] 🎬 pyJianYingDraft Web Service
[2025-05-30 15:27:37] [INFO] ============================================================
[2025-05-30 15:27:37] [INFO] 📝 项目描述: 剪映草稿生成Web服务
[2025-05-30 15:27:37] [INFO] 🔧 版本信息: v1.0.0
[2025-05-30 15:27:37] [INFO] 🌐 服务地址: http://0.0.0.0:5000
[2025-05-30 15:27:37] [INFO] 📚 API文档: http://0.0.0.0:5000
[2025-05-30 15:27:37] [INFO] ============================================================
[2025-05-30 15:27:42] [INFO] 👋 服务已关闭
[2025-05-30 15:27:43] [INFO] 👋 服务已关闭
[2025-05-30 15:44:22] [INFO] ✅ 成功注册API Blueprint
[2025-05-30 15:44:22] [INFO] ============================================================
[2025-05-30 15:44:22] [INFO] 🎬 pyJianYingDraft Web Service - 精简版本
[2025-05-30 15:44:22] [INFO] ============================================================
[2025-05-30 15:44:22] [INFO] 📝 项目描述: 剪映草稿生成Web服务
[2025-05-30 15:44:22] [INFO] 🔧 版本信息: v1.0.0
[2025-05-30 15:44:22] [INFO] 🌐 服务地址: http://0.0.0.0:5000
[2025-05-30 15:44:22] [INFO] ============================================================
[2025-05-30 15:44:22] [INFO] ============================================================
[2025-05-30 15:44:22] [INFO] 🎬 pyJianYingDraft Web Service
[2025-05-30 15:44:22] [INFO] ============================================================
[2025-05-30 15:44:22] [INFO] 📝 项目描述: 剪映草稿生成Web服务
[2025-05-30 15:44:22] [INFO] 🔧 版本信息: v1.0.0
[2025-05-30 15:44:22] [INFO] 🌐 服务地址: http://0.0.0.0:5000
[2025-05-30 15:44:22] [INFO] 📚 API文档: http://0.0.0.0:5000
[2025-05-30 15:44:22] [INFO] ============================================================
[2025-05-30 15:44:23] [INFO] ✅ 成功注册API Blueprint
[2025-05-30 15:44:23] [INFO] ============================================================
[2025-05-30 15:44:23] [INFO] 🎬 pyJianYingDraft Web Service - 精简版本
[2025-05-30 15:44:23] [INFO] ============================================================
[2025-05-30 15:44:23] [INFO] 📝 项目描述: 剪映草稿生成Web服务
[2025-05-30 15:44:23] [INFO] 🔧 版本信息: v1.0.0
[2025-05-30 15:44:23] [INFO] 🌐 服务地址: http://0.0.0.0:5000
[2025-05-30 15:44:23] [INFO] ============================================================
[2025-05-30 15:44:23] [INFO] ============================================================
[2025-05-30 15:44:23] [INFO] 🎬 pyJianYingDraft Web Service
[2025-05-30 15:44:23] [INFO] ============================================================
[2025-05-30 15:44:23] [INFO] 📝 项目描述: 剪映草稿生成Web服务
[2025-05-30 15:44:23] [INFO] 🔧 版本信息: v1.0.0
[2025-05-30 15:44:23] [INFO] 🌐 服务地址: http://0.0.0.0:5000
[2025-05-30 15:44:23] [INFO] 📚 API文档: http://0.0.0.0:5000
[2025-05-30 15:44:23] [INFO] ============================================================
[2025-05-30 15:44:25] [INFO] 📝 开始创建文本片段 - 文本:仪表盘测试文本, 时长:2s, 颜色:[1.0, 1.0, 1.0]
[2025-05-30 15:44:25] [INFO] ✅ 文本片段创建成功: C:\\Users\\zxsm\Desktop\\工作记录及模板\\剪影自动化脚本\\pyJianYingDraft\web_outputs\text_segment_1748591065_draft_content.json
[2025-05-30 16:02:23] [INFO] 👋 服务已关闭
[2025-05-30 16:02:24] [INFO] ✅ 成功注册API Blueprint
[2025-05-30 16:02:24] [INFO] ============================================================
[2025-05-30 16:02:24] [INFO] 🎬 pyJianYingDraft Web Service - 精简版本
[2025-05-30 16:02:24] [INFO] ============================================================
[2025-05-30 16:02:24] [INFO] 📝 项目描述: 剪映草稿生成Web服务
[2025-05-30 16:02:24] [INFO] 🔧 版本信息: v1.0.0
[2025-05-30 16:02:24] [INFO] 🌐 服务地址: http://0.0.0.0:5000
[2025-05-30 16:02:24] [INFO] ============================================================
[2025-05-30 16:02:24] [INFO] ============================================================
[2025-05-30 16:02:24] [INFO] 🎬 pyJianYingDraft Web Service
[2025-05-30 16:02:24] [INFO] ============================================================
[2025-05-30 16:02:24] [INFO] 📝 项目描述: 剪映草稿生成Web服务
[2025-05-30 16:02:24] [INFO] 🔧 版本信息: v1.0.0
[2025-05-30 16:02:24] [INFO] 🌐 服务地址: http://0.0.0.0:5000
[2025-05-30 16:02:24] [INFO] 📚 API文档: http://0.0.0.0:5000
[2025-05-30 16:02:24] [INFO] ============================================================
[2025-05-30 16:32:31] [INFO] ✅ 成功注册API Blueprint
[2025-05-30 16:32:31] [INFO] ============================================================
[2025-05-30 16:32:31] [INFO] 🎬 pyJianYingDraft Web Service - 精简版本
[2025-05-30 16:32:31] [INFO] ============================================================
[2025-05-30 16:32:31] [INFO] 📝 项目描述: 剪映草稿生成Web服务
[2025-05-30 16:32:31] [INFO] 🔧 版本信息: v1.0.0
[2025-05-30 16:32:31] [INFO] 🌐 服务地址: http://0.0.0.0:5000
[2025-05-30 16:32:31] [INFO] ============================================================
[2025-05-30 16:32:31] [INFO] ============================================================
[2025-05-30 16:32:31] [INFO] 🎬 pyJianYingDraft Web Service
[2025-05-30 16:32:31] [INFO] ============================================================
[2025-05-30 16:32:31] [INFO] 📝 项目描述: 剪映草稿生成Web服务
[2025-05-30 16:32:31] [INFO] 🔧 版本信息: v1.0.0
[2025-05-30 16:32:31] [INFO] 🌐 服务地址: http://0.0.0.0:5000
[2025-05-30 16:32:31] [INFO] 📚 API文档: http://0.0.0.0:5000
[2025-05-30 16:32:31] [INFO] ============================================================
[2025-05-30 16:32:32] [INFO] ✅ 成功注册API Blueprint
[2025-05-30 16:32:32] [INFO] ============================================================
[2025-05-30 16:32:32] [INFO] 🎬 pyJianYingDraft Web Service - 精简版本
[2025-05-30 16:32:32] [INFO] ============================================================
[2025-05-30 16:32:32] [INFO] 📝 项目描述: 剪映草稿生成Web服务
[2025-05-30 16:32:32] [INFO] 🔧 版本信息: v1.0.0
[2025-05-30 16:32:32] [INFO] 🌐 服务地址: http://0.0.0.0:5000
[2025-05-30 16:32:32] [INFO] ============================================================
[2025-05-30 16:32:32] [INFO] ============================================================
[2025-05-30 16:32:32] [INFO] 🎬 pyJianYingDraft Web Service
[2025-05-30 16:32:32] [INFO] ============================================================
[2025-05-30 16:32:32] [INFO] 📝 项目描述: 剪映草稿生成Web服务
[2025-05-30 16:32:32] [INFO] 🔧 版本信息: v1.0.0
[2025-05-30 16:32:32] [INFO] 🌐 服务地址: http://0.0.0.0:5000
[2025-05-30 16:32:32] [INFO] 📚 API文档: http://0.0.0.0:5000
[2025-05-30 16:32:32] [INFO] ============================================================
[2025-05-30 16:32:59] [INFO] 🎊 开始创建综合项目
[2025-05-30 16:32:59] [ERROR] ❌ 处理文本组件失败: 'Font_type' object has no attribute 'resource_id'
[2025-05-30 16:32:59] [INFO] 🔄 开始路径占位符替换，共有 0 个素材文件
[2025-05-30 16:32:59] [INFO] ✅ 路径占位符替换完成
[2025-05-30 16:32:59] [INFO] ✅ 综合项目创建成功，包含 1 个组件
[2025-05-30 16:33:06] [INFO] 🔄 设置绝对路径: D:\\
[2025-05-30 16:33:06] [INFO] ✅ 绝对路径设置完成
