[2025-05-29 10:41:42] [INFO] ============================================================
[2025-05-29 10:41:42] [INFO] 🎬 pyJianYingDraft Web Service
[2025-05-29 10:41:42] [INFO] ============================================================
[2025-05-29 10:41:42] [INFO] 📝 项目描述: 剪映草稿生成Web服务
[2025-05-29 10:41:42] [INFO] 🔧 版本信息: v1.0.0
[2025-05-29 10:41:42] [INFO] 🌐 服务地址: http://0.0.0.0:5000
[2025-05-29 10:41:42] [INFO] 📚 API文档: http://0.0.0.0:5000
[2025-05-29 10:41:42] [INFO] ============================================================
[2025-05-29 10:52:27] [INFO] 👋 服务已关闭
[2025-05-29 16:43:33] [INFO] ✅ 成功注册API Blueprint
[2025-05-29 16:43:33] [INFO] ============================================================
[2025-05-29 16:43:33] [INFO] 🎬 pyJianYingDraft Web Service
[2025-05-29 16:43:33] [INFO] ============================================================
[2025-05-29 16:43:33] [INFO] 📝 项目描述: 剪映草稿生成Web服务
[2025-05-29 16:43:33] [INFO] 🔧 版本信息: v1.0.0
[2025-05-29 16:43:33] [INFO] 🌐 服务地址: http://0.0.0.0:5000
[2025-05-29 16:43:33] [INFO] 📚 API文档: http://0.0.0.0:5000
[2025-05-29 16:43:33] [INFO] ============================================================
[2025-05-29 16:43:38] [INFO] 👋 服务已关闭
[2025-05-29 16:43:38] [INFO] ✅ 成功注册API Blueprint
[2025-05-29 16:43:38] [INFO] ============================================================
[2025-05-29 16:43:38] [INFO] 🎬 pyJianYingDraft Web Service
[2025-05-29 16:43:38] [INFO] ============================================================
[2025-05-29 16:43:38] [INFO] 📝 项目描述: 剪映草稿生成Web服务
[2025-05-29 16:43:38] [INFO] 🔧 版本信息: v1.0.0
[2025-05-29 16:43:38] [INFO] 🌐 服务地址: http://0.0.0.0:5000
[2025-05-29 16:43:38] [INFO] 📚 API文档: http://0.0.0.0:5000
[2025-05-29 16:43:38] [INFO] ============================================================
[2025-05-29 16:43:43] [INFO] 👋 服务已关闭
[2025-05-29 16:43:44] [INFO] ✅ 成功注册API Blueprint
[2025-05-29 16:43:44] [INFO] ============================================================
[2025-05-29 16:43:44] [INFO] 🎬 pyJianYingDraft Web Service
[2025-05-29 16:43:44] [INFO] ============================================================
[2025-05-29 16:43:44] [INFO] 📝 项目描述: 剪映草稿生成Web服务
[2025-05-29 16:43:44] [INFO] 🔧 版本信息: v1.0.0
[2025-05-29 16:43:44] [INFO] 🌐 服务地址: http://0.0.0.0:5000
[2025-05-29 16:43:44] [INFO] 📚 API文档: http://0.0.0.0:5000
[2025-05-29 16:43:44] [INFO] ============================================================
[2025-05-29 16:44:55] [INFO] 👋 服务已关闭
[2025-05-29 16:44:56] [INFO] ✅ 成功注册API Blueprint
[2025-05-29 16:44:56] [INFO] ============================================================
[2025-05-29 16:44:56] [INFO] 🎬 pyJianYingDraft Web Service
[2025-05-29 16:44:56] [INFO] ============================================================
[2025-05-29 16:44:56] [INFO] 📝 项目描述: 剪映草稿生成Web服务
[2025-05-29 16:44:56] [INFO] 🔧 版本信息: v1.0.0
[2025-05-29 16:44:56] [INFO] 🌐 服务地址: http://0.0.0.0:5000
[2025-05-29 16:44:56] [INFO] 📚 API文档: http://0.0.0.0:5000
[2025-05-29 16:44:56] [INFO] ============================================================
[2025-05-29 16:44:59] [INFO] 👋 服务已关闭
[2025-05-29 16:44:59] [INFO] ✅ 成功注册API Blueprint
[2025-05-29 16:44:59] [INFO] ============================================================
[2025-05-29 16:44:59] [INFO] 🎬 pyJianYingDraft Web Service
[2025-05-29 16:44:59] [INFO] ============================================================
[2025-05-29 16:44:59] [INFO] 📝 项目描述: 剪映草稿生成Web服务
[2025-05-29 16:44:59] [INFO] 🔧 版本信息: v1.0.0
[2025-05-29 16:44:59] [INFO] 🌐 服务地址: http://0.0.0.0:5000
[2025-05-29 16:44:59] [INFO] 📚 API文档: http://0.0.0.0:5000
[2025-05-29 16:44:59] [INFO] ============================================================
[2025-05-29 16:45:00] [INFO] 👋 服务已关闭
[2025-05-29 16:45:01] [INFO] ✅ 成功注册API Blueprint
[2025-05-29 16:45:01] [INFO] ============================================================
[2025-05-29 16:45:01] [INFO] 🎬 pyJianYingDraft Web Service
[2025-05-29 16:45:01] [INFO] ============================================================
[2025-05-29 16:45:01] [INFO] 📝 项目描述: 剪映草稿生成Web服务
[2025-05-29 16:45:01] [INFO] 🔧 版本信息: v1.0.0
[2025-05-29 16:45:01] [INFO] 🌐 服务地址: http://0.0.0.0:5000
[2025-05-29 16:45:01] [INFO] 📚 API文档: http://0.0.0.0:5000
[2025-05-29 16:45:01] [INFO] ============================================================
[2025-05-29 16:45:02] [INFO] 👋 服务已关闭
[2025-05-29 16:45:02] [INFO] ✅ 成功注册API Blueprint
[2025-05-29 16:45:02] [INFO] ============================================================
[2025-05-29 16:45:02] [INFO] 🎬 pyJianYingDraft Web Service
[2025-05-29 16:45:02] [INFO] ============================================================
[2025-05-29 16:45:02] [INFO] 📝 项目描述: 剪映草稿生成Web服务
[2025-05-29 16:45:02] [INFO] 🔧 版本信息: v1.0.0
[2025-05-29 16:45:02] [INFO] 🌐 服务地址: http://0.0.0.0:5000
[2025-05-29 16:45:02] [INFO] 📚 API文档: http://0.0.0.0:5000
[2025-05-29 16:45:02] [INFO] ============================================================
[2025-05-29 16:45:54] [INFO] 👋 服务已关闭
[2025-05-29 16:45:55] [INFO] ✅ 成功注册API Blueprint
[2025-05-29 16:45:55] [INFO] ============================================================
[2025-05-29 16:45:55] [INFO] 🎬 pyJianYingDraft Web Service
[2025-05-29 16:45:55] [INFO] ============================================================
[2025-05-29 16:45:55] [INFO] 📝 项目描述: 剪映草稿生成Web服务
[2025-05-29 16:45:55] [INFO] 🔧 版本信息: v1.0.0
[2025-05-29 16:45:55] [INFO] 🌐 服务地址: http://0.0.0.0:5000
[2025-05-29 16:45:55] [INFO] 📚 API文档: http://0.0.0.0:5000
[2025-05-29 16:45:55] [INFO] ============================================================
[2025-05-29 16:46:18] [INFO] 👋 服务已关闭
[2025-05-29 16:46:18] [INFO] ✅ 成功注册API Blueprint
[2025-05-29 16:46:18] [INFO] ============================================================
[2025-05-29 16:46:18] [INFO] 🎬 pyJianYingDraft Web Service
[2025-05-29 16:46:18] [INFO] ============================================================
[2025-05-29 16:46:18] [INFO] 📝 项目描述: 剪映草稿生成Web服务
[2025-05-29 16:46:18] [INFO] 🔧 版本信息: v1.0.0
[2025-05-29 16:46:18] [INFO] 🌐 服务地址: http://0.0.0.0:5000
[2025-05-29 16:46:18] [INFO] 📚 API文档: http://0.0.0.0:5000
[2025-05-29 16:46:18] [INFO] ============================================================
[2025-05-29 16:46:19] [INFO] 👋 服务已关闭
[2025-05-29 16:46:20] [INFO] ✅ 成功注册API Blueprint
[2025-05-29 16:46:20] [INFO] ============================================================
[2025-05-29 16:46:20] [INFO] 🎬 pyJianYingDraft Web Service
[2025-05-29 16:46:20] [INFO] ============================================================
[2025-05-29 16:46:20] [INFO] 📝 项目描述: 剪映草稿生成Web服务
[2025-05-29 16:46:20] [INFO] 🔧 版本信息: v1.0.0
[2025-05-29 16:46:20] [INFO] 🌐 服务地址: http://0.0.0.0:5000
[2025-05-29 16:46:20] [INFO] 📚 API文档: http://0.0.0.0:5000
[2025-05-29 16:46:20] [INFO] ============================================================
[2025-05-29 16:46:42] [INFO] 👋 服务已关闭
[2025-05-29 16:46:43] [INFO] ✅ 成功注册API Blueprint
[2025-05-29 16:46:43] [INFO] ============================================================
[2025-05-29 16:46:43] [INFO] 🎬 pyJianYingDraft Web Service
[2025-05-29 16:46:43] [INFO] ============================================================
[2025-05-29 16:46:43] [INFO] 📝 项目描述: 剪映草稿生成Web服务
[2025-05-29 16:46:43] [INFO] 🔧 版本信息: v1.0.0
[2025-05-29 16:46:43] [INFO] 🌐 服务地址: http://0.0.0.0:5000
[2025-05-29 16:46:43] [INFO] 📚 API文档: http://0.0.0.0:5000
[2025-05-29 16:46:43] [INFO] ============================================================
[2025-05-29 16:46:48] [INFO] 👋 服务已关闭
[2025-05-29 16:46:48] [INFO] ✅ 成功注册API Blueprint
[2025-05-29 16:46:48] [INFO] ============================================================
[2025-05-29 16:46:48] [INFO] 🎬 pyJianYingDraft Web Service
[2025-05-29 16:46:48] [INFO] ============================================================
[2025-05-29 16:46:48] [INFO] 📝 项目描述: 剪映草稿生成Web服务
[2025-05-29 16:46:48] [INFO] 🔧 版本信息: v1.0.0
[2025-05-29 16:46:48] [INFO] 🌐 服务地址: http://0.0.0.0:5000
[2025-05-29 16:46:48] [INFO] 📚 API文档: http://0.0.0.0:5000
[2025-05-29 16:46:48] [INFO] ============================================================
[2025-05-29 16:47:21] [INFO] 👋 服务已关闭
[2025-05-29 16:47:21] [INFO] ✅ 成功注册API Blueprint
[2025-05-29 16:47:21] [INFO] ============================================================
[2025-05-29 16:47:21] [INFO] 🎬 pyJianYingDraft Web Service
[2025-05-29 16:47:21] [INFO] ============================================================
[2025-05-29 16:47:21] [INFO] 📝 项目描述: 剪映草稿生成Web服务
[2025-05-29 16:47:21] [INFO] 🔧 版本信息: v1.0.0
[2025-05-29 16:47:21] [INFO] 🌐 服务地址: http://0.0.0.0:5000
[2025-05-29 16:47:21] [INFO] 📚 API文档: http://0.0.0.0:5000
[2025-05-29 16:47:21] [INFO] ============================================================
[2025-05-29 16:47:24] [INFO] 👋 服务已关闭
[2025-05-29 16:47:24] [INFO] ✅ 成功注册API Blueprint
[2025-05-29 16:47:24] [INFO] ============================================================
[2025-05-29 16:47:24] [INFO] 🎬 pyJianYingDraft Web Service
[2025-05-29 16:47:24] [INFO] ============================================================
[2025-05-29 16:47:24] [INFO] 📝 项目描述: 剪映草稿生成Web服务
[2025-05-29 16:47:24] [INFO] 🔧 版本信息: v1.0.0
[2025-05-29 16:47:24] [INFO] 🌐 服务地址: http://0.0.0.0:5000
[2025-05-29 16:47:24] [INFO] 📚 API文档: http://0.0.0.0:5000
[2025-05-29 16:47:24] [INFO] ============================================================
[2025-05-29 16:48:39] [INFO] 👋 服务已关闭
[2025-05-29 16:48:40] [INFO] ✅ 成功注册API Blueprint
[2025-05-29 16:48:40] [INFO] ============================================================
[2025-05-29 16:48:40] [INFO] 🎬 pyJianYingDraft Web Service
[2025-05-29 16:48:40] [INFO] ============================================================
[2025-05-29 16:48:40] [INFO] 📝 项目描述: 剪映草稿生成Web服务
[2025-05-29 16:48:40] [INFO] 🔧 版本信息: v1.0.0
[2025-05-29 16:48:40] [INFO] 🌐 服务地址: http://0.0.0.0:5000
[2025-05-29 16:48:40] [INFO] 📚 API文档: http://0.0.0.0:5000
[2025-05-29 16:48:40] [INFO] ============================================================
[2025-05-29 16:48:42] [INFO] 👋 服务已关闭
[2025-05-29 16:48:43] [INFO] ✅ 成功注册API Blueprint
[2025-05-29 16:48:43] [INFO] ============================================================
[2025-05-29 16:48:43] [INFO] 🎬 pyJianYingDraft Web Service
[2025-05-29 16:48:43] [INFO] ============================================================
[2025-05-29 16:48:43] [INFO] 📝 项目描述: 剪映草稿生成Web服务
[2025-05-29 16:48:43] [INFO] 🔧 版本信息: v1.0.0
[2025-05-29 16:48:43] [INFO] 🌐 服务地址: http://0.0.0.0:5000
[2025-05-29 16:48:43] [INFO] 📚 API文档: http://0.0.0.0:5000
[2025-05-29 16:48:43] [INFO] ============================================================
[2025-05-29 16:48:58] [INFO] 👋 服务已关闭
[2025-05-29 16:48:59] [INFO] ✅ 成功注册API Blueprint
[2025-05-29 16:48:59] [INFO] ============================================================
[2025-05-29 16:48:59] [INFO] 🎬 pyJianYingDraft Web Service
[2025-05-29 16:48:59] [INFO] ============================================================
[2025-05-29 16:48:59] [INFO] 📝 项目描述: 剪映草稿生成Web服务
[2025-05-29 16:48:59] [INFO] 🔧 版本信息: v1.0.0
[2025-05-29 16:48:59] [INFO] 🌐 服务地址: http://0.0.0.0:5000
[2025-05-29 16:48:59] [INFO] 📚 API文档: http://0.0.0.0:5000
[2025-05-29 16:48:59] [INFO] ============================================================
[2025-05-29 16:49:00] [INFO] ✅ 成功注册API Blueprint
[2025-05-29 16:49:00] [INFO] ============================================================
[2025-05-29 16:49:00] [INFO] 🎬 pyJianYingDraft Web Service
[2025-05-29 16:49:00] [INFO] ============================================================
[2025-05-29 16:49:00] [INFO] 📝 项目描述: 剪映草稿生成Web服务
[2025-05-29 16:49:00] [INFO] 🔧 版本信息: v1.0.0
[2025-05-29 16:49:00] [INFO] 🌐 服务地址: http://0.0.0.0:5000
[2025-05-29 16:49:00] [INFO] 📚 API文档: http://0.0.0.0:5000
[2025-05-29 16:49:00] [INFO] ============================================================
[2025-05-29 16:49:03] [WARNING] 🚫 404错误: http://localhost:5000/favicon.ico
[2025-05-29 16:50:32] [INFO] 👋 服务已关闭
[2025-05-29 16:50:33] [INFO] ✅ 成功注册API Blueprint
[2025-05-29 16:50:33] [INFO] ============================================================
[2025-05-29 16:50:33] [INFO] 🎬 pyJianYingDraft Web Service
[2025-05-29 16:50:33] [INFO] ============================================================
[2025-05-29 16:50:33] [INFO] 📝 项目描述: 剪映草稿生成Web服务
[2025-05-29 16:50:33] [INFO] 🔧 版本信息: v1.0.0
[2025-05-29 16:50:33] [INFO] 🌐 服务地址: http://0.0.0.0:5000
[2025-05-29 16:50:33] [INFO] 📚 API文档: http://0.0.0.0:5000
[2025-05-29 16:50:33] [INFO] ============================================================
[2025-05-29 16:52:04] [INFO] 👋 服务已关闭
[2025-05-29 16:52:04] [INFO] 👋 服务已关闭
[2025-05-29 16:57:26] [INFO] ✅ 成功注册API Blueprint
[2025-05-29 16:57:26] [INFO] ============================================================
[2025-05-29 16:57:26] [INFO] 🎬 pyJianYingDraft Web Service
[2025-05-29 16:57:26] [INFO] ============================================================
[2025-05-29 16:57:26] [INFO] 📝 项目描述: 剪映草稿生成Web服务
[2025-05-29 16:57:26] [INFO] 🔧 版本信息: v1.0.0
[2025-05-29 16:57:26] [INFO] 🌐 服务地址: http://0.0.0.0:5000
[2025-05-29 16:57:26] [INFO] 📚 API文档: http://0.0.0.0:5000
[2025-05-29 16:57:26] [INFO] ============================================================
[2025-05-29 16:57:27] [INFO] ✅ 成功注册API Blueprint
[2025-05-29 16:57:27] [INFO] ============================================================
[2025-05-29 16:57:27] [INFO] 🎬 pyJianYingDraft Web Service
[2025-05-29 16:57:27] [INFO] ============================================================
[2025-05-29 16:57:27] [INFO] 📝 项目描述: 剪映草稿生成Web服务
[2025-05-29 16:57:27] [INFO] 🔧 版本信息: v1.0.0
[2025-05-29 16:57:27] [INFO] 🌐 服务地址: http://0.0.0.0:5000
[2025-05-29 16:57:27] [INFO] 📚 API文档: http://0.0.0.0:5000
[2025-05-29 16:57:27] [INFO] ============================================================
[2025-05-29 16:58:26] [INFO] 👋 服务已关闭
[2025-05-29 16:58:26] [INFO] ✅ 成功注册API Blueprint
[2025-05-29 16:58:26] [INFO] ============================================================
[2025-05-29 16:58:26] [INFO] 🎬 pyJianYingDraft Web Service
[2025-05-29 16:58:26] [INFO] ============================================================
[2025-05-29 16:58:26] [INFO] 📝 项目描述: 剪映草稿生成Web服务
[2025-05-29 16:58:26] [INFO] 🔧 版本信息: v1.0.0
[2025-05-29 16:58:26] [INFO] 🌐 服务地址: http://0.0.0.0:5000
[2025-05-29 16:58:26] [INFO] 📚 API文档: http://0.0.0.0:5000
[2025-05-29 16:58:26] [INFO] ============================================================
[2025-05-29 16:58:28] [INFO] 👋 服务已关闭
[2025-05-29 16:58:29] [INFO] ✅ 成功注册API Blueprint
[2025-05-29 16:58:29] [INFO] ============================================================
[2025-05-29 16:58:29] [INFO] 🎬 pyJianYingDraft Web Service
[2025-05-29 16:58:29] [INFO] ============================================================
[2025-05-29 16:58:29] [INFO] 📝 项目描述: 剪映草稿生成Web服务
[2025-05-29 16:58:29] [INFO] 🔧 版本信息: v1.0.0
[2025-05-29 16:58:29] [INFO] 🌐 服务地址: http://0.0.0.0:5000
[2025-05-29 16:58:29] [INFO] 📚 API文档: http://0.0.0.0:5000
[2025-05-29 16:58:29] [INFO] ============================================================
[2025-05-29 16:58:46] [INFO] 👋 服务已关闭
[2025-05-29 16:58:47] [INFO] ✅ 成功注册API Blueprint
[2025-05-29 16:58:47] [INFO] ============================================================
[2025-05-29 16:58:47] [INFO] 🎬 pyJianYingDraft Web Service
[2025-05-29 16:58:47] [INFO] ============================================================
[2025-05-29 16:58:47] [INFO] 📝 项目描述: 剪映草稿生成Web服务
[2025-05-29 16:58:47] [INFO] 🔧 版本信息: v1.0.0
[2025-05-29 16:58:47] [INFO] 🌐 服务地址: http://0.0.0.0:5000
[2025-05-29 16:58:47] [INFO] 📚 API文档: http://0.0.0.0:5000
[2025-05-29 16:58:47] [INFO] ============================================================
[2025-05-29 16:58:49] [INFO] 👋 服务已关闭
[2025-05-29 16:58:49] [INFO] ✅ 成功注册API Blueprint
[2025-05-29 16:58:49] [INFO] ============================================================
[2025-05-29 16:58:49] [INFO] 🎬 pyJianYingDraft Web Service
[2025-05-29 16:58:49] [INFO] ============================================================
[2025-05-29 16:58:49] [INFO] 📝 项目描述: 剪映草稿生成Web服务
[2025-05-29 16:58:49] [INFO] 🔧 版本信息: v1.0.0
[2025-05-29 16:58:49] [INFO] 🌐 服务地址: http://0.0.0.0:5000
[2025-05-29 16:58:49] [INFO] 📚 API文档: http://0.0.0.0:5000
[2025-05-29 16:58:49] [INFO] ============================================================
[2025-05-29 16:58:56] [INFO] 👋 服务已关闭
[2025-05-29 16:58:56] [INFO] ✅ 成功注册API Blueprint
[2025-05-29 16:58:56] [INFO] ============================================================
[2025-05-29 16:58:56] [INFO] 🎬 pyJianYingDraft Web Service
[2025-05-29 16:58:56] [INFO] ============================================================
[2025-05-29 16:58:56] [INFO] 📝 项目描述: 剪映草稿生成Web服务
[2025-05-29 16:58:56] [INFO] 🔧 版本信息: v1.0.0
[2025-05-29 16:58:56] [INFO] 🌐 服务地址: http://0.0.0.0:5000
[2025-05-29 16:58:56] [INFO] 📚 API文档: http://0.0.0.0:5000
[2025-05-29 16:58:56] [INFO] ============================================================
[2025-05-29 16:58:59] [INFO] 👋 服务已关闭
[2025-05-29 16:59:00] [INFO] ✅ 成功注册API Blueprint
[2025-05-29 16:59:00] [INFO] ============================================================
[2025-05-29 16:59:00] [INFO] 🎬 pyJianYingDraft Web Service
[2025-05-29 16:59:00] [INFO] ============================================================
[2025-05-29 16:59:00] [INFO] 📝 项目描述: 剪映草稿生成Web服务
[2025-05-29 16:59:00] [INFO] 🔧 版本信息: v1.0.0
[2025-05-29 16:59:00] [INFO] 🌐 服务地址: http://0.0.0.0:5000
[2025-05-29 16:59:00] [INFO] 📚 API文档: http://0.0.0.0:5000
[2025-05-29 16:59:00] [INFO] ============================================================
[2025-05-29 16:59:02] [INFO] 👋 服务已关闭
[2025-05-29 16:59:02] [INFO] ✅ 成功注册API Blueprint
[2025-05-29 16:59:02] [INFO] ============================================================
[2025-05-29 16:59:02] [INFO] 🎬 pyJianYingDraft Web Service
[2025-05-29 16:59:02] [INFO] ============================================================
[2025-05-29 16:59:02] [INFO] 📝 项目描述: 剪映草稿生成Web服务
[2025-05-29 16:59:02] [INFO] 🔧 版本信息: v1.0.0
[2025-05-29 16:59:02] [INFO] 🌐 服务地址: http://0.0.0.0:5000
[2025-05-29 16:59:02] [INFO] 📚 API文档: http://0.0.0.0:5000
[2025-05-29 16:59:02] [INFO] ============================================================
[2025-05-29 16:59:14] [INFO] 👋 服务已关闭
[2025-05-29 16:59:14] [INFO] 👋 服务已关闭
[2025-05-29 16:59:58] [INFO] ✅ 成功注册API Blueprint
[2025-05-29 16:59:58] [INFO] ============================================================
[2025-05-29 16:59:58] [INFO] 🎬 pyJianYingDraft Web Service
[2025-05-29 16:59:58] [INFO] ============================================================
[2025-05-29 16:59:58] [INFO] 📝 项目描述: 剪映草稿生成Web服务
[2025-05-29 16:59:58] [INFO] 🔧 版本信息: v1.0.0
[2025-05-29 16:59:58] [INFO] 🌐 服务地址: http://0.0.0.0:5000
[2025-05-29 16:59:58] [INFO] 📚 API文档: http://0.0.0.0:5000
[2025-05-29 16:59:58] [INFO] ============================================================
[2025-05-29 16:59:58] [INFO] ✅ 成功注册API Blueprint
[2025-05-29 16:59:58] [INFO] ============================================================
[2025-05-29 16:59:58] [INFO] 🎬 pyJianYingDraft Web Service
[2025-05-29 16:59:58] [INFO] ============================================================
[2025-05-29 16:59:58] [INFO] 📝 项目描述: 剪映草稿生成Web服务
[2025-05-29 16:59:58] [INFO] 🔧 版本信息: v1.0.0
[2025-05-29 16:59:58] [INFO] 🌐 服务地址: http://0.0.0.0:5000
[2025-05-29 16:59:58] [INFO] 📚 API文档: http://0.0.0.0:5000
[2025-05-29 16:59:58] [INFO] ============================================================
[2025-05-29 19:04:52] [INFO] 👋 服务已关闭
[2025-05-29 19:04:53] [INFO] ✅ 成功注册API Blueprint
[2025-05-29 19:04:53] [INFO] ============================================================
[2025-05-29 19:04:53] [INFO] 🎬 pyJianYingDraft Web Service
[2025-05-29 19:04:53] [INFO] ============================================================
[2025-05-29 19:04:53] [INFO] 📝 项目描述: 剪映草稿生成Web服务
[2025-05-29 19:04:53] [INFO] 🔧 版本信息: v1.0.0
[2025-05-29 19:04:53] [INFO] 🌐 服务地址: http://0.0.0.0:5000
[2025-05-29 19:04:53] [INFO] 📚 API文档: http://0.0.0.0:5000
[2025-05-29 19:04:53] [INFO] ============================================================
[2025-05-29 19:08:20] [INFO] 👋 服务已关闭
[2025-05-29 19:08:20] [INFO] ✅ 成功注册API Blueprint
[2025-05-29 19:08:20] [INFO] ============================================================
[2025-05-29 19:08:20] [INFO] 🎬 pyJianYingDraft Web Service
[2025-05-29 19:08:20] [INFO] ============================================================
[2025-05-29 19:08:20] [INFO] 📝 项目描述: 剪映草稿生成Web服务
[2025-05-29 19:08:20] [INFO] 🔧 版本信息: v1.0.0
[2025-05-29 19:08:20] [INFO] 🌐 服务地址: http://0.0.0.0:5000
[2025-05-29 19:08:20] [INFO] 📚 API文档: http://0.0.0.0:5000
[2025-05-29 19:08:20] [INFO] ============================================================
[2025-05-29 19:08:23] [INFO] 👋 服务已关闭
[2025-05-29 19:08:24] [INFO] ✅ 成功注册API Blueprint
[2025-05-29 19:08:24] [INFO] ============================================================
[2025-05-29 19:08:24] [INFO] 🎬 pyJianYingDraft Web Service
[2025-05-29 19:08:24] [INFO] ============================================================
[2025-05-29 19:08:24] [INFO] 📝 项目描述: 剪映草稿生成Web服务
[2025-05-29 19:08:24] [INFO] 🔧 版本信息: v1.0.0
[2025-05-29 19:08:24] [INFO] 🌐 服务地址: http://0.0.0.0:5000
[2025-05-29 19:08:24] [INFO] 📚 API文档: http://0.0.0.0:5000
[2025-05-29 19:08:24] [INFO] ============================================================
[2025-05-29 19:08:27] [INFO] 👋 服务已关闭
[2025-05-29 19:08:28] [INFO] ✅ 成功注册API Blueprint
[2025-05-29 19:08:28] [INFO] ============================================================
[2025-05-29 19:08:28] [INFO] 🎬 pyJianYingDraft Web Service
[2025-05-29 19:08:28] [INFO] ============================================================
[2025-05-29 19:08:28] [INFO] 📝 项目描述: 剪映草稿生成Web服务
[2025-05-29 19:08:28] [INFO] 🔧 版本信息: v1.0.0
[2025-05-29 19:08:28] [INFO] 🌐 服务地址: http://0.0.0.0:5000
[2025-05-29 19:08:28] [INFO] 📚 API文档: http://0.0.0.0:5000
[2025-05-29 19:08:28] [INFO] ============================================================
[2025-05-29 19:13:16] [INFO] 👋 服务已关闭
[2025-05-29 19:13:16] [INFO] ✅ 成功注册API Blueprint
[2025-05-29 19:13:16] [INFO] ============================================================
[2025-05-29 19:13:16] [INFO] 🎬 pyJianYingDraft Web Service
[2025-05-29 19:13:16] [INFO] ============================================================
[2025-05-29 19:13:16] [INFO] 📝 项目描述: 剪映草稿生成Web服务
[2025-05-29 19:13:16] [INFO] 🔧 版本信息: v1.0.0
[2025-05-29 19:13:16] [INFO] 🌐 服务地址: http://0.0.0.0:5000
[2025-05-29 19:13:16] [INFO] 📚 API文档: http://0.0.0.0:5000
[2025-05-29 19:13:16] [INFO] ============================================================
[2025-05-29 19:13:24] [INFO] 👋 服务已关闭
[2025-05-29 19:13:24] [INFO] ✅ 成功注册API Blueprint
[2025-05-29 19:13:24] [INFO] ============================================================
[2025-05-29 19:13:24] [INFO] 🎬 pyJianYingDraft Web Service
[2025-05-29 19:13:24] [INFO] ============================================================
[2025-05-29 19:13:24] [INFO] 📝 项目描述: 剪映草稿生成Web服务
[2025-05-29 19:13:24] [INFO] 🔧 版本信息: v1.0.0
[2025-05-29 19:13:24] [INFO] 🌐 服务地址: http://0.0.0.0:5000
[2025-05-29 19:13:24] [INFO] 📚 API文档: http://0.0.0.0:5000
[2025-05-29 19:13:24] [INFO] ============================================================
[2025-05-29 19:13:27] [INFO] 👋 服务已关闭
[2025-05-29 19:13:27] [INFO] ✅ 成功注册API Blueprint
[2025-05-29 19:13:27] [INFO] ============================================================
[2025-05-29 19:13:27] [INFO] 🎬 pyJianYingDraft Web Service
[2025-05-29 19:13:27] [INFO] ============================================================
[2025-05-29 19:13:27] [INFO] 📝 项目描述: 剪映草稿生成Web服务
[2025-05-29 19:13:27] [INFO] 🔧 版本信息: v1.0.0
[2025-05-29 19:13:27] [INFO] 🌐 服务地址: http://0.0.0.0:5000
[2025-05-29 19:13:27] [INFO] 📚 API文档: http://0.0.0.0:5000
[2025-05-29 19:13:27] [INFO] ============================================================
[2025-05-29 19:13:36] [INFO] 👋 服务已关闭
[2025-05-29 19:13:36] [INFO] ✅ 成功注册API Blueprint
[2025-05-29 19:13:36] [INFO] ============================================================
[2025-05-29 19:13:36] [INFO] 🎬 pyJianYingDraft Web Service
[2025-05-29 19:13:36] [INFO] ============================================================
[2025-05-29 19:13:36] [INFO] 📝 项目描述: 剪映草稿生成Web服务
[2025-05-29 19:13:36] [INFO] 🔧 版本信息: v1.0.0
[2025-05-29 19:13:36] [INFO] 🌐 服务地址: http://0.0.0.0:5000
[2025-05-29 19:13:36] [INFO] 📚 API文档: http://0.0.0.0:5000
[2025-05-29 19:13:36] [INFO] ============================================================
[2025-05-29 19:13:46] [INFO] 👋 服务已关闭
[2025-05-29 19:13:46] [INFO] ✅ 成功注册API Blueprint
[2025-05-29 19:13:46] [INFO] ============================================================
[2025-05-29 19:13:46] [INFO] 🎬 pyJianYingDraft Web Service
[2025-05-29 19:13:46] [INFO] ============================================================
[2025-05-29 19:13:46] [INFO] 📝 项目描述: 剪映草稿生成Web服务
[2025-05-29 19:13:46] [INFO] 🔧 版本信息: v1.0.0
[2025-05-29 19:13:46] [INFO] 🌐 服务地址: http://0.0.0.0:5000
[2025-05-29 19:13:46] [INFO] 📚 API文档: http://0.0.0.0:5000
[2025-05-29 19:13:46] [INFO] ============================================================
[2025-05-29 19:13:50] [INFO] 👋 服务已关闭
[2025-05-29 19:13:51] [INFO] ✅ 成功注册API Blueprint
[2025-05-29 19:13:51] [INFO] ============================================================
[2025-05-29 19:13:51] [INFO] 🎬 pyJianYingDraft Web Service
[2025-05-29 19:13:51] [INFO] ============================================================
[2025-05-29 19:13:51] [INFO] 📝 项目描述: 剪映草稿生成Web服务
[2025-05-29 19:13:51] [INFO] 🔧 版本信息: v1.0.0
[2025-05-29 19:13:51] [INFO] 🌐 服务地址: http://0.0.0.0:5000
[2025-05-29 19:13:51] [INFO] 📚 API文档: http://0.0.0.0:5000
[2025-05-29 19:13:51] [INFO] ============================================================
[2025-05-29 19:13:56] [INFO] 👋 服务已关闭
[2025-05-29 19:13:57] [INFO] 👋 服务已关闭
[2025-05-29 19:18:41] [ERROR] ❌ 无法导入API Blueprint: attempted relative import with no known parent package
[2025-05-29 19:18:41] [INFO] ============================================================
[2025-05-29 19:18:41] [INFO] 🎬 pyJianYingDraft Web Service
[2025-05-29 19:18:41] [INFO] ============================================================
[2025-05-29 19:18:41] [INFO] 📝 项目描述: 剪映草稿生成Web服务
[2025-05-29 19:18:41] [INFO] 🔧 版本信息: v1.0.0
[2025-05-29 19:18:41] [INFO] 🌐 服务地址: http://0.0.0.0:5000
[2025-05-29 19:18:41] [INFO] 📚 API文档: http://0.0.0.0:5000
[2025-05-29 19:18:41] [INFO] ============================================================
[2025-05-29 19:18:42] [ERROR] ❌ 无法导入API Blueprint: attempted relative import with no known parent package
[2025-05-29 19:18:42] [INFO] ============================================================
[2025-05-29 19:18:42] [INFO] 🎬 pyJianYingDraft Web Service
[2025-05-29 19:18:42] [INFO] ============================================================
[2025-05-29 19:18:42] [INFO] 📝 项目描述: 剪映草稿生成Web服务
[2025-05-29 19:18:42] [INFO] 🔧 版本信息: v1.0.0
[2025-05-29 19:18:42] [INFO] 🌐 服务地址: http://0.0.0.0:5000
[2025-05-29 19:18:42] [INFO] 📚 API文档: http://0.0.0.0:5000
[2025-05-29 19:18:42] [INFO] ============================================================
[2025-05-29 19:19:33] [INFO] 👋 服务已关闭
[2025-05-29 19:19:33] [ERROR] ❌ 无法导入API Blueprint: attempted relative import with no known parent package
[2025-05-29 19:19:33] [INFO] ============================================================
[2025-05-29 19:19:33] [INFO] 🎬 pyJianYingDraft Web Service
[2025-05-29 19:19:33] [INFO] ============================================================
[2025-05-29 19:19:33] [INFO] 📝 项目描述: 剪映草稿生成Web服务
[2025-05-29 19:19:33] [INFO] 🔧 版本信息: v1.0.0
[2025-05-29 19:19:33] [INFO] 🌐 服务地址: http://0.0.0.0:5000
[2025-05-29 19:19:33] [INFO] 📚 API文档: http://0.0.0.0:5000
[2025-05-29 19:19:33] [INFO] ============================================================
[2025-05-29 19:20:24] [INFO] 👋 服务已关闭
[2025-05-29 19:20:25] [ERROR] ❌ 无法导入API Blueprint: attempted relative import with no known parent package
[2025-05-29 19:20:25] [INFO] ============================================================
[2025-05-29 19:20:25] [INFO] 🎬 pyJianYingDraft Web Service
[2025-05-29 19:20:25] [INFO] ============================================================
[2025-05-29 19:20:25] [INFO] 📝 项目描述: 剪映草稿生成Web服务
[2025-05-29 19:20:25] [INFO] 🔧 版本信息: v1.0.0
[2025-05-29 19:20:25] [INFO] 🌐 服务地址: http://0.0.0.0:5000
[2025-05-29 19:20:25] [INFO] 📚 API文档: http://0.0.0.0:5000
[2025-05-29 19:20:25] [INFO] ============================================================
[2025-05-29 19:20:33] [INFO] 👋 服务已关闭
[2025-05-29 19:20:34] [ERROR] ❌ 无法导入API Blueprint: attempted relative import with no known parent package
[2025-05-29 19:20:34] [INFO] ============================================================
[2025-05-29 19:20:34] [INFO] 🎬 pyJianYingDraft Web Service
[2025-05-29 19:20:34] [INFO] ============================================================
[2025-05-29 19:20:34] [INFO] 📝 项目描述: 剪映草稿生成Web服务
[2025-05-29 19:20:34] [INFO] 🔧 版本信息: v1.0.0
[2025-05-29 19:20:34] [INFO] 🌐 服务地址: http://0.0.0.0:5000
[2025-05-29 19:20:34] [INFO] 📚 API文档: http://0.0.0.0:5000
[2025-05-29 19:20:34] [INFO] ============================================================
[2025-05-29 19:20:42] [INFO] 👋 服务已关闭
[2025-05-29 19:20:43] [ERROR] ❌ 无法导入API Blueprint: attempted relative import with no known parent package
[2025-05-29 19:20:43] [INFO] ============================================================
[2025-05-29 19:20:43] [INFO] 🎬 pyJianYingDraft Web Service
[2025-05-29 19:20:43] [INFO] ============================================================
[2025-05-29 19:20:43] [INFO] 📝 项目描述: 剪映草稿生成Web服务
[2025-05-29 19:20:43] [INFO] 🔧 版本信息: v1.0.0
[2025-05-29 19:20:43] [INFO] 🌐 服务地址: http://0.0.0.0:5000
[2025-05-29 19:20:43] [INFO] 📚 API文档: http://0.0.0.0:5000
[2025-05-29 19:20:43] [INFO] ============================================================
[2025-05-29 19:21:02] [INFO] 👋 服务已关闭
[2025-05-29 19:21:02] [ERROR] ❌ 无法导入API Blueprint: attempted relative import with no known parent package
[2025-05-29 19:21:02] [INFO] ============================================================
[2025-05-29 19:21:02] [INFO] 🎬 pyJianYingDraft Web Service
[2025-05-29 19:21:02] [INFO] ============================================================
[2025-05-29 19:21:02] [INFO] 📝 项目描述: 剪映草稿生成Web服务
[2025-05-29 19:21:02] [INFO] 🔧 版本信息: v1.0.0
[2025-05-29 19:21:02] [INFO] 🌐 服务地址: http://0.0.0.0:5000
[2025-05-29 19:21:02] [INFO] 📚 API文档: http://0.0.0.0:5000
[2025-05-29 19:21:02] [INFO] ============================================================
[2025-05-29 19:21:03] [INFO] 👋 服务已关闭
[2025-05-29 19:21:04] [ERROR] ❌ 无法导入API Blueprint: attempted relative import with no known parent package
[2025-05-29 19:21:04] [INFO] ============================================================
[2025-05-29 19:21:04] [INFO] 🎬 pyJianYingDraft Web Service
[2025-05-29 19:21:04] [INFO] ============================================================
[2025-05-29 19:21:04] [INFO] 📝 项目描述: 剪映草稿生成Web服务
[2025-05-29 19:21:04] [INFO] 🔧 版本信息: v1.0.0
[2025-05-29 19:21:04] [INFO] 🌐 服务地址: http://0.0.0.0:5000
[2025-05-29 19:21:04] [INFO] 📚 API文档: http://0.0.0.0:5000
[2025-05-29 19:21:04] [INFO] ============================================================
[2025-05-29 19:21:33] [INFO] 👋 服务已关闭
[2025-05-29 19:21:34] [ERROR] ❌ 无法导入API Blueprint: attempted relative import with no known parent package
[2025-05-29 19:21:34] [INFO] ============================================================
[2025-05-29 19:21:34] [INFO] 🎬 pyJianYingDraft Web Service
[2025-05-29 19:21:34] [INFO] ============================================================
[2025-05-29 19:21:34] [INFO] 📝 项目描述: 剪映草稿生成Web服务
[2025-05-29 19:21:34] [INFO] 🔧 版本信息: v1.0.0
[2025-05-29 19:21:34] [INFO] 🌐 服务地址: http://0.0.0.0:5000
[2025-05-29 19:21:34] [INFO] 📚 API文档: http://0.0.0.0:5000
[2025-05-29 19:21:34] [INFO] ============================================================
[2025-05-29 19:22:01] [INFO] 👋 服务已关闭
[2025-05-29 19:22:01] [ERROR] ❌ 无法导入API Blueprint: attempted relative import with no known parent package
[2025-05-29 19:22:01] [INFO] ============================================================
[2025-05-29 19:22:01] [INFO] 🎬 pyJianYingDraft Web Service
[2025-05-29 19:22:01] [INFO] ============================================================
[2025-05-29 19:22:01] [INFO] 📝 项目描述: 剪映草稿生成Web服务
[2025-05-29 19:22:01] [INFO] 🔧 版本信息: v1.0.0
[2025-05-29 19:22:01] [INFO] 🌐 服务地址: http://0.0.0.0:5000
[2025-05-29 19:22:01] [INFO] 📚 API文档: http://0.0.0.0:5000
[2025-05-29 19:22:01] [INFO] ============================================================
[2025-05-29 19:22:07] [INFO] 👋 服务已关闭
[2025-05-29 19:22:07] [ERROR] ❌ 无法导入API Blueprint: attempted relative import with no known parent package
[2025-05-29 19:22:07] [INFO] ============================================================
[2025-05-29 19:22:07] [INFO] 🎬 pyJianYingDraft Web Service
[2025-05-29 19:22:07] [INFO] ============================================================
[2025-05-29 19:22:07] [INFO] 📝 项目描述: 剪映草稿生成Web服务
[2025-05-29 19:22:07] [INFO] 🔧 版本信息: v1.0.0
[2025-05-29 19:22:07] [INFO] 🌐 服务地址: http://0.0.0.0:5000
[2025-05-29 19:22:07] [INFO] 📚 API文档: http://0.0.0.0:5000
[2025-05-29 19:22:07] [INFO] ============================================================
[2025-05-29 19:22:15] [INFO] 👋 服务已关闭
[2025-05-29 19:22:15] [ERROR] ❌ 无法导入API Blueprint: attempted relative import with no known parent package
[2025-05-29 19:22:15] [INFO] ============================================================
[2025-05-29 19:22:15] [INFO] 🎬 pyJianYingDraft Web Service
[2025-05-29 19:22:15] [INFO] ============================================================
[2025-05-29 19:22:15] [INFO] 📝 项目描述: 剪映草稿生成Web服务
[2025-05-29 19:22:15] [INFO] 🔧 版本信息: v1.0.0
[2025-05-29 19:22:15] [INFO] 🌐 服务地址: http://0.0.0.0:5000
[2025-05-29 19:22:15] [INFO] 📚 API文档: http://0.0.0.0:5000
[2025-05-29 19:22:15] [INFO] ============================================================
[2025-05-29 19:23:08] [INFO] 👋 服务已关闭
[2025-05-29 19:23:09] [INFO] ✅ 成功注册API Blueprint
[2025-05-29 19:23:09] [INFO] ============================================================
[2025-05-29 19:23:09] [INFO] 🎬 pyJianYingDraft Web Service
[2025-05-29 19:23:09] [INFO] ============================================================
[2025-05-29 19:23:09] [INFO] 📝 项目描述: 剪映草稿生成Web服务
[2025-05-29 19:23:09] [INFO] 🔧 版本信息: v1.0.0
[2025-05-29 19:23:09] [INFO] 🌐 服务地址: http://0.0.0.0:5000
[2025-05-29 19:23:09] [INFO] 📚 API文档: http://0.0.0.0:5000
[2025-05-29 19:23:09] [INFO] ============================================================
[2025-05-29 19:23:14] [INFO] 👋 服务已关闭
[2025-05-29 19:23:15] [INFO] ✅ 成功注册API Blueprint
[2025-05-29 19:23:15] [INFO] ============================================================
[2025-05-29 19:23:15] [INFO] 🎬 pyJianYingDraft Web Service
[2025-05-29 19:23:15] [INFO] ============================================================
[2025-05-29 19:23:15] [INFO] 📝 项目描述: 剪映草稿生成Web服务
[2025-05-29 19:23:15] [INFO] 🔧 版本信息: v1.0.0
[2025-05-29 19:23:15] [INFO] 🌐 服务地址: http://0.0.0.0:5000
[2025-05-29 19:23:15] [INFO] 📚 API文档: http://0.0.0.0:5000
[2025-05-29 19:23:15] [INFO] ============================================================
[2025-05-29 19:23:22] [INFO] 👋 服务已关闭
[2025-05-29 19:23:22] [INFO] ✅ 成功注册API Blueprint
[2025-05-29 19:23:22] [INFO] ============================================================
[2025-05-29 19:23:22] [INFO] 🎬 pyJianYingDraft Web Service
[2025-05-29 19:23:22] [INFO] ============================================================
[2025-05-29 19:23:22] [INFO] 📝 项目描述: 剪映草稿生成Web服务
[2025-05-29 19:23:22] [INFO] 🔧 版本信息: v1.0.0
[2025-05-29 19:23:22] [INFO] 🌐 服务地址: http://0.0.0.0:5000
[2025-05-29 19:23:22] [INFO] 📚 API文档: http://0.0.0.0:5000
[2025-05-29 19:23:22] [INFO] ============================================================
[2025-05-29 19:23:35] [INFO] 👋 服务已关闭
[2025-05-29 19:23:36] [INFO] ✅ 成功注册API Blueprint
[2025-05-29 19:23:36] [INFO] ============================================================
[2025-05-29 19:23:36] [INFO] 🎬 pyJianYingDraft Web Service
[2025-05-29 19:23:36] [INFO] ============================================================
[2025-05-29 19:23:36] [INFO] 📝 项目描述: 剪映草稿生成Web服务
[2025-05-29 19:23:36] [INFO] 🔧 版本信息: v1.0.0
[2025-05-29 19:23:36] [INFO] 🌐 服务地址: http://0.0.0.0:5000
[2025-05-29 19:23:36] [INFO] 📚 API文档: http://0.0.0.0:5000
[2025-05-29 19:23:36] [INFO] ============================================================
[2025-05-29 19:23:39] [INFO] 👋 服务已关闭
[2025-05-29 19:23:39] [ERROR] ❌ 无法导入API Blueprint: attempted relative import with no known parent package
[2025-05-29 19:23:39] [INFO] ============================================================
[2025-05-29 19:23:39] [INFO] 🎬 pyJianYingDraft Web Service
[2025-05-29 19:23:39] [INFO] ============================================================
[2025-05-29 19:23:39] [INFO] 📝 项目描述: 剪映草稿生成Web服务
[2025-05-29 19:23:39] [INFO] 🔧 版本信息: v1.0.0
[2025-05-29 19:23:39] [INFO] 🌐 服务地址: http://0.0.0.0:5000
[2025-05-29 19:23:39] [INFO] 📚 API文档: http://0.0.0.0:5000
[2025-05-29 19:23:39] [INFO] ============================================================
[2025-05-29 19:23:53] [INFO] 👋 服务已关闭
[2025-05-29 19:23:54] [ERROR] ❌ 无法导入API Blueprint: attempted relative import with no known parent package
[2025-05-29 19:23:54] [INFO] ============================================================
[2025-05-29 19:23:54] [INFO] 🎬 pyJianYingDraft Web Service
[2025-05-29 19:23:54] [INFO] ============================================================
[2025-05-29 19:23:54] [INFO] 📝 项目描述: 剪映草稿生成Web服务
[2025-05-29 19:23:54] [INFO] 🔧 版本信息: v1.0.0
[2025-05-29 19:23:54] [INFO] 🌐 服务地址: http://0.0.0.0:5000
[2025-05-29 19:23:54] [INFO] 📚 API文档: http://0.0.0.0:5000
[2025-05-29 19:23:54] [INFO] ============================================================
[2025-05-29 19:24:42] [INFO] 👋 服务已关闭
[2025-05-29 19:24:42] [INFO] 👋 服务已关闭
[2025-05-29 19:24:46] [ERROR] ❌ 无法导入API Blueprint: attempted relative import with no known parent package
[2025-05-29 19:24:46] [INFO] ============================================================
[2025-05-29 19:24:46] [INFO] 🎬 pyJianYingDraft Web Service
[2025-05-29 19:24:46] [INFO] ============================================================
[2025-05-29 19:24:46] [INFO] 📝 项目描述: 剪映草稿生成Web服务
[2025-05-29 19:24:46] [INFO] 🔧 版本信息: v1.0.0
[2025-05-29 19:24:46] [INFO] 🌐 服务地址: http://0.0.0.0:5000
[2025-05-29 19:24:46] [INFO] 📚 API文档: http://0.0.0.0:5000
[2025-05-29 19:24:46] [INFO] ============================================================
[2025-05-29 19:24:46] [ERROR] ❌ 无法导入API Blueprint: attempted relative import with no known parent package
[2025-05-29 19:24:46] [INFO] ============================================================
[2025-05-29 19:24:46] [INFO] 🎬 pyJianYingDraft Web Service
[2025-05-29 19:24:46] [INFO] ============================================================
[2025-05-29 19:24:46] [INFO] 📝 项目描述: 剪映草稿生成Web服务
[2025-05-29 19:24:46] [INFO] 🔧 版本信息: v1.0.0
[2025-05-29 19:24:46] [INFO] 🌐 服务地址: http://0.0.0.0:5000
[2025-05-29 19:24:46] [INFO] 📚 API文档: http://0.0.0.0:5000
[2025-05-29 19:24:46] [INFO] ============================================================
[2025-05-29 19:26:09] [INFO] 👋 服务已关闭
[2025-05-29 19:26:09] [INFO] ✅ 成功注册API Blueprint
[2025-05-29 19:26:09] [INFO] ============================================================
[2025-05-29 19:26:09] [INFO] 🎬 pyJianYingDraft Web Service
[2025-05-29 19:26:09] [INFO] ============================================================
[2025-05-29 19:26:09] [INFO] 📝 项目描述: 剪映草稿生成Web服务
[2025-05-29 19:26:09] [INFO] 🔧 版本信息: v1.0.0
[2025-05-29 19:26:09] [INFO] 🌐 服务地址: http://0.0.0.0:5000
[2025-05-29 19:26:09] [INFO] 📚 API文档: http://0.0.0.0:5000
[2025-05-29 19:26:09] [INFO] ============================================================
[2025-05-29 19:26:21] [INFO] 👋 服务已关闭
[2025-05-29 19:26:21] [INFO] ✅ 成功注册API Blueprint
[2025-05-29 19:26:21] [INFO] ============================================================
[2025-05-29 19:26:21] [INFO] 🎬 pyJianYingDraft Web Service
[2025-05-29 19:26:21] [INFO] ============================================================
[2025-05-29 19:26:21] [INFO] 📝 项目描述: 剪映草稿生成Web服务
[2025-05-29 19:26:21] [INFO] 🔧 版本信息: v1.0.0
[2025-05-29 19:26:21] [INFO] 🌐 服务地址: http://0.0.0.0:5000
[2025-05-29 19:26:21] [INFO] 📚 API文档: http://0.0.0.0:5000
[2025-05-29 19:26:21] [INFO] ============================================================
[2025-05-29 19:26:28] [INFO] 👋 服务已关闭
[2025-05-29 19:26:28] [INFO] ✅ 成功注册API Blueprint
[2025-05-29 19:26:28] [INFO] ============================================================
[2025-05-29 19:26:28] [INFO] 🎬 pyJianYingDraft Web Service
[2025-05-29 19:26:28] [INFO] ============================================================
[2025-05-29 19:26:28] [INFO] 📝 项目描述: 剪映草稿生成Web服务
[2025-05-29 19:26:28] [INFO] 🔧 版本信息: v1.0.0
[2025-05-29 19:26:28] [INFO] 🌐 服务地址: http://0.0.0.0:5000
[2025-05-29 19:26:28] [INFO] 📚 API文档: http://0.0.0.0:5000
[2025-05-29 19:26:28] [INFO] ============================================================
[2025-05-29 19:27:23] [INFO] 👋 服务已关闭
[2025-05-29 19:27:23] [INFO] ✅ 成功注册API Blueprint
[2025-05-29 19:27:23] [INFO] ============================================================
[2025-05-29 19:27:23] [INFO] 🎬 pyJianYingDraft Web Service
[2025-05-29 19:27:23] [INFO] ============================================================
[2025-05-29 19:27:23] [INFO] 📝 项目描述: 剪映草稿生成Web服务
[2025-05-29 19:27:23] [INFO] 🔧 版本信息: v1.0.0
[2025-05-29 19:27:23] [INFO] 🌐 服务地址: http://0.0.0.0:5000
[2025-05-29 19:27:23] [INFO] 📚 API文档: http://0.0.0.0:5000
[2025-05-29 19:27:23] [INFO] ============================================================
[2025-05-29 19:27:42] [INFO] 👋 服务已关闭
[2025-05-29 19:27:43] [INFO] ✅ 成功注册API Blueprint
[2025-05-29 19:27:43] [INFO] ============================================================
[2025-05-29 19:27:43] [INFO] 🎬 pyJianYingDraft Web Service
[2025-05-29 19:27:43] [INFO] ============================================================
[2025-05-29 19:27:43] [INFO] 📝 项目描述: 剪映草稿生成Web服务
[2025-05-29 19:27:43] [INFO] 🔧 版本信息: v1.0.0
[2025-05-29 19:27:43] [INFO] 🌐 服务地址: http://0.0.0.0:5000
[2025-05-29 19:27:43] [INFO] 📚 API文档: http://0.0.0.0:5000
[2025-05-29 19:27:43] [INFO] ============================================================
[2025-05-29 19:29:02] [INFO] 👋 服务已关闭
[2025-05-29 19:29:02] [INFO] ✅ 成功注册API Blueprint
[2025-05-29 19:29:02] [INFO] ============================================================
[2025-05-29 19:29:02] [INFO] 🎬 pyJianYingDraft Web Service
[2025-05-29 19:29:02] [INFO] ============================================================
[2025-05-29 19:29:02] [INFO] 📝 项目描述: 剪映草稿生成Web服务
[2025-05-29 19:29:02] [INFO] 🔧 版本信息: v1.0.0
[2025-05-29 19:29:02] [INFO] 🌐 服务地址: http://0.0.0.0:5000
[2025-05-29 19:29:02] [INFO] 📚 API文档: http://0.0.0.0:5000
[2025-05-29 19:29:02] [INFO] ============================================================
[2025-05-29 19:29:53] [INFO] 👋 服务已关闭
[2025-05-29 19:29:54] [INFO] 👋 服务已关闭
[2025-05-29 19:30:31] [INFO] ✅ 成功注册API Blueprint
[2025-05-29 19:30:31] [INFO] ============================================================
[2025-05-29 19:30:31] [INFO] 🎬 pyJianYingDraft Web Service
[2025-05-29 19:30:31] [INFO] ============================================================
[2025-05-29 19:30:31] [INFO] 📝 项目描述: 剪映草稿生成Web服务
[2025-05-29 19:30:31] [INFO] 🔧 版本信息: v1.0.0
[2025-05-29 19:30:31] [INFO] 🌐 服务地址: http://0.0.0.0:5000
[2025-05-29 19:30:31] [INFO] 📚 API文档: http://0.0.0.0:5000
[2025-05-29 19:30:31] [INFO] ============================================================
[2025-05-29 19:30:31] [INFO] ✅ 成功注册API Blueprint
[2025-05-29 19:30:31] [INFO] ============================================================
[2025-05-29 19:30:31] [INFO] 🎬 pyJianYingDraft Web Service
[2025-05-29 19:30:31] [INFO] ============================================================
[2025-05-29 19:30:31] [INFO] 📝 项目描述: 剪映草稿生成Web服务
[2025-05-29 19:30:31] [INFO] 🔧 版本信息: v1.0.0
[2025-05-29 19:30:31] [INFO] 🌐 服务地址: http://0.0.0.0:5000
[2025-05-29 19:30:31] [INFO] 📚 API文档: http://0.0.0.0:5000
[2025-05-29 19:30:31] [INFO] ============================================================
[2025-05-29 19:31:10] [INFO] 👋 服务已关闭
[2025-05-29 19:31:11] [INFO] ✅ 成功注册API Blueprint
[2025-05-29 19:31:11] [INFO] ============================================================
[2025-05-29 19:31:11] [INFO] 🎬 pyJianYingDraft Web Service
[2025-05-29 19:31:11] [INFO] ============================================================
[2025-05-29 19:31:11] [INFO] 📝 项目描述: 剪映草稿生成Web服务
[2025-05-29 19:31:11] [INFO] 🔧 版本信息: v1.0.0
[2025-05-29 19:31:11] [INFO] 🌐 服务地址: http://0.0.0.0:5000
[2025-05-29 19:31:11] [INFO] 📚 API文档: http://0.0.0.0:5000
[2025-05-29 19:31:11] [INFO] ============================================================
[2025-05-29 19:31:16] [INFO] 👋 服务已关闭
[2025-05-29 19:31:16] [INFO] ✅ 成功注册API Blueprint
[2025-05-29 19:31:16] [INFO] ============================================================
[2025-05-29 19:31:16] [INFO] 🎬 pyJianYingDraft Web Service
[2025-05-29 19:31:16] [INFO] ============================================================
[2025-05-29 19:31:16] [INFO] 📝 项目描述: 剪映草稿生成Web服务
[2025-05-29 19:31:16] [INFO] 🔧 版本信息: v1.0.0
[2025-05-29 19:31:16] [INFO] 🌐 服务地址: http://0.0.0.0:5000
[2025-05-29 19:31:16] [INFO] 📚 API文档: http://0.0.0.0:5000
[2025-05-29 19:31:16] [INFO] ============================================================
[2025-05-29 19:31:19] [INFO] 👋 服务已关闭
[2025-05-29 19:31:19] [INFO] ✅ 成功注册API Blueprint
[2025-05-29 19:31:19] [INFO] ============================================================
[2025-05-29 19:31:19] [INFO] 🎬 pyJianYingDraft Web Service
[2025-05-29 19:31:19] [INFO] ============================================================
[2025-05-29 19:31:19] [INFO] 📝 项目描述: 剪映草稿生成Web服务
[2025-05-29 19:31:19] [INFO] 🔧 版本信息: v1.0.0
[2025-05-29 19:31:19] [INFO] 🌐 服务地址: http://0.0.0.0:5000
[2025-05-29 19:31:19] [INFO] 📚 API文档: http://0.0.0.0:5000
[2025-05-29 19:31:19] [INFO] ============================================================
[2025-05-29 19:31:20] [INFO] 👋 服务已关闭
[2025-05-29 19:31:21] [INFO] ✅ 成功注册API Blueprint
[2025-05-29 19:31:21] [INFO] ============================================================
[2025-05-29 19:31:21] [INFO] 🎬 pyJianYingDraft Web Service
[2025-05-29 19:31:21] [INFO] ============================================================
[2025-05-29 19:31:21] [INFO] 📝 项目描述: 剪映草稿生成Web服务
[2025-05-29 19:31:21] [INFO] 🔧 版本信息: v1.0.0
[2025-05-29 19:31:21] [INFO] 🌐 服务地址: http://0.0.0.0:5000
[2025-05-29 19:31:21] [INFO] 📚 API文档: http://0.0.0.0:5000
[2025-05-29 19:31:21] [INFO] ============================================================
[2025-05-29 19:31:22] [INFO] 👋 服务已关闭
[2025-05-29 19:31:23] [INFO] ✅ 成功注册API Blueprint
[2025-05-29 19:31:23] [INFO] ============================================================
[2025-05-29 19:31:23] [INFO] 🎬 pyJianYingDraft Web Service
[2025-05-29 19:31:23] [INFO] ============================================================
[2025-05-29 19:31:23] [INFO] 📝 项目描述: 剪映草稿生成Web服务
[2025-05-29 19:31:23] [INFO] 🔧 版本信息: v1.0.0
[2025-05-29 19:31:23] [INFO] 🌐 服务地址: http://0.0.0.0:5000
[2025-05-29 19:31:23] [INFO] 📚 API文档: http://0.0.0.0:5000
[2025-05-29 19:31:23] [INFO] ============================================================
[2025-05-29 19:31:24] [INFO] 👋 服务已关闭
[2025-05-29 19:31:24] [INFO] ✅ 成功注册API Blueprint
[2025-05-29 19:31:24] [INFO] ============================================================
[2025-05-29 19:31:24] [INFO] 🎬 pyJianYingDraft Web Service
[2025-05-29 19:31:24] [INFO] ============================================================
[2025-05-29 19:31:24] [INFO] 📝 项目描述: 剪映草稿生成Web服务
[2025-05-29 19:31:24] [INFO] 🔧 版本信息: v1.0.0
[2025-05-29 19:31:24] [INFO] 🌐 服务地址: http://0.0.0.0:5000
[2025-05-29 19:31:24] [INFO] 📚 API文档: http://0.0.0.0:5000
[2025-05-29 19:31:24] [INFO] ============================================================
[2025-05-29 19:31:25] [INFO] 👋 服务已关闭
[2025-05-29 19:31:26] [INFO] ✅ 成功注册API Blueprint
[2025-05-29 19:31:26] [INFO] ============================================================
[2025-05-29 19:31:26] [INFO] 🎬 pyJianYingDraft Web Service
[2025-05-29 19:31:26] [INFO] ============================================================
[2025-05-29 19:31:26] [INFO] 📝 项目描述: 剪映草稿生成Web服务
[2025-05-29 19:31:26] [INFO] 🔧 版本信息: v1.0.0
[2025-05-29 19:31:26] [INFO] 🌐 服务地址: http://0.0.0.0:5000
[2025-05-29 19:31:26] [INFO] 📚 API文档: http://0.0.0.0:5000
[2025-05-29 19:31:26] [INFO] ============================================================
[2025-05-29 19:31:30] [INFO] 👋 服务已关闭
[2025-05-29 19:31:31] [INFO] ✅ 成功注册API Blueprint
[2025-05-29 19:31:31] [INFO] ============================================================
[2025-05-29 19:31:31] [INFO] 🎬 pyJianYingDraft Web Service
[2025-05-29 19:31:31] [INFO] ============================================================
[2025-05-29 19:31:31] [INFO] 📝 项目描述: 剪映草稿生成Web服务
[2025-05-29 19:31:31] [INFO] 🔧 版本信息: v1.0.0
[2025-05-29 19:31:31] [INFO] 🌐 服务地址: http://0.0.0.0:5000
[2025-05-29 19:31:31] [INFO] 📚 API文档: http://0.0.0.0:5000
[2025-05-29 19:31:31] [INFO] ============================================================
[2025-05-29 19:31:33] [INFO] 👋 服务已关闭
[2025-05-29 19:31:33] [INFO] ✅ 成功注册API Blueprint
[2025-05-29 19:31:33] [INFO] ============================================================
[2025-05-29 19:31:33] [INFO] 🎬 pyJianYingDraft Web Service
[2025-05-29 19:31:33] [INFO] ============================================================
[2025-05-29 19:31:33] [INFO] 📝 项目描述: 剪映草稿生成Web服务
[2025-05-29 19:31:33] [INFO] 🔧 版本信息: v1.0.0
[2025-05-29 19:31:33] [INFO] 🌐 服务地址: http://0.0.0.0:5000
[2025-05-29 19:31:33] [INFO] 📚 API文档: http://0.0.0.0:5000
[2025-05-29 19:31:33] [INFO] ============================================================
[2025-05-29 19:31:40] [INFO] 👋 服务已关闭
[2025-05-29 19:31:40] [INFO] ✅ 成功注册API Blueprint
[2025-05-29 19:31:40] [INFO] ============================================================
[2025-05-29 19:31:40] [INFO] 🎬 pyJianYingDraft Web Service
[2025-05-29 19:31:40] [INFO] ============================================================
[2025-05-29 19:31:40] [INFO] 📝 项目描述: 剪映草稿生成Web服务
[2025-05-29 19:31:40] [INFO] 🔧 版本信息: v1.0.0
[2025-05-29 19:31:40] [INFO] 🌐 服务地址: http://0.0.0.0:5000
[2025-05-29 19:31:40] [INFO] 📚 API文档: http://0.0.0.0:5000
[2025-05-29 19:31:40] [INFO] ============================================================
[2025-05-29 19:33:02] [INFO] 👋 服务已关闭
[2025-05-29 19:33:02] [INFO] 👋 服务已关闭
[2025-05-29 19:34:06] [INFO] ============================================================
[2025-05-29 19:34:06] [INFO] 🎬 pyJianYingDraft Web Service
[2025-05-29 19:34:06] [INFO] ============================================================
[2025-05-29 19:34:06] [INFO] 📝 项目描述: 剪映草稿生成Web服务
[2025-05-29 19:34:06] [INFO] 🔧 版本信息: v1.0.0
[2025-05-29 19:34:06] [INFO] 🌐 服务地址: http://0.0.0.0:5000
[2025-05-29 19:34:06] [INFO] 📚 API文档: http://0.0.0.0:5000
[2025-05-29 19:34:06] [INFO] ============================================================
[2025-05-29 19:34:07] [INFO] ============================================================
[2025-05-29 19:34:07] [INFO] 🎬 pyJianYingDraft Web Service
[2025-05-29 19:34:07] [INFO] ============================================================
[2025-05-29 19:34:07] [INFO] 📝 项目描述: 剪映草稿生成Web服务
[2025-05-29 19:34:07] [INFO] 🔧 版本信息: v1.0.0
[2025-05-29 19:34:07] [INFO] 🌐 服务地址: http://0.0.0.0:5000
[2025-05-29 19:34:07] [INFO] 📚 API文档: http://0.0.0.0:5000
[2025-05-29 19:34:07] [INFO] ============================================================
[2025-05-29 19:34:09] [INFO] 👋 服务已关闭
[2025-05-29 19:34:09] [INFO] 👋 服务已关闭
